mode: set
github.com/GDXbsv/traktor/api/v1alpha1/secretsrefresh_types.go:67.13,69.2 1 0
github.com/GDXbsv/traktor/api/v1alpha1/zz_generated.deepcopy.go:29.61,35.2 5 0
github.com/GDXbsv/traktor/api/v1alpha1/zz_generated.deepcopy.go:38.54,39.15 1 0
github.com/GDXbsv/traktor/api/v1alpha1/zz_generated.deepcopy.go:39.15,41.3 1 0
github.com/GDXbsv/traktor/api/v1alpha1/zz_generated.deepcopy.go:42.2,44.12 3 0
github.com/GDXbsv/traktor/api/v1alpha1/zz_generated.deepcopy.go:48.59,49.34 1 0
github.com/GDXbsv/traktor/api/v1alpha1/zz_generated.deepcopy.go:49.34,51.3 1 0
github.com/GDXbsv/traktor/api/v1alpha1/zz_generated.deepcopy.go:52.2,52.12 1 0
github.com/GDXbsv/traktor/api/v1alpha1/zz_generated.deepcopy.go:56.69,60.21 4 0
github.com/GDXbsv/traktor/api/v1alpha1/zz_generated.deepcopy.go:60.21,63.22 3 0
github.com/GDXbsv/traktor/api/v1alpha1/zz_generated.deepcopy.go:63.22,65.4 1 0
github.com/GDXbsv/traktor/api/v1alpha1/zz_generated.deepcopy.go:70.62,71.15 1 0
github.com/GDXbsv/traktor/api/v1alpha1/zz_generated.deepcopy.go:71.15,73.3 1 0
github.com/GDXbsv/traktor/api/v1alpha1/zz_generated.deepcopy.go:74.2,76.12 3 0
github.com/GDXbsv/traktor/api/v1alpha1/zz_generated.deepcopy.go:80.63,81.34 1 0
github.com/GDXbsv/traktor/api/v1alpha1/zz_generated.deepcopy.go:81.34,83.3 1 0
github.com/GDXbsv/traktor/api/v1alpha1/zz_generated.deepcopy.go:84.2,84.12 1 0
github.com/GDXbsv/traktor/api/v1alpha1/zz_generated.deepcopy.go:88.69,90.33 2 0
github.com/GDXbsv/traktor/api/v1alpha1/zz_generated.deepcopy.go:90.33,94.3 3 0
github.com/GDXbsv/traktor/api/v1alpha1/zz_generated.deepcopy.go:95.2,95.30 1 0
github.com/GDXbsv/traktor/api/v1alpha1/zz_generated.deepcopy.go:95.30,99.3 3 0
github.com/GDXbsv/traktor/api/v1alpha1/zz_generated.deepcopy.go:103.62,104.15 1 0
github.com/GDXbsv/traktor/api/v1alpha1/zz_generated.deepcopy.go:104.15,106.3 1 0
github.com/GDXbsv/traktor/api/v1alpha1/zz_generated.deepcopy.go:107.2,109.12 3 0
github.com/GDXbsv/traktor/api/v1alpha1/zz_generated.deepcopy.go:113.73,116.26 3 0
github.com/GDXbsv/traktor/api/v1alpha1/zz_generated.deepcopy.go:116.26,119.22 3 0
github.com/GDXbsv/traktor/api/v1alpha1/zz_generated.deepcopy.go:119.22,121.4 1 0
github.com/GDXbsv/traktor/api/v1alpha1/zz_generated.deepcopy.go:126.66,127.15 1 0
github.com/GDXbsv/traktor/api/v1alpha1/zz_generated.deepcopy.go:127.15,129.3 1 0
github.com/GDXbsv/traktor/api/v1alpha1/zz_generated.deepcopy.go:130.2,132.12 3 0
github.com/GDXbsv/traktor/cmd/main.go:54.13,59.2 2 0
github.com/GDXbsv/traktor/cmd/main.go:63.22,65.23 2 0
github.com/GDXbsv/traktor/cmd/main.go:65.23,68.3 1 0
github.com/GDXbsv/traktor/cmd/main.go:71.2,72.16 2 0
github.com/GDXbsv/traktor/cmd/main.go:72.16,75.3 2 0
github.com/GDXbsv/traktor/cmd/main.go:78.2,81.109 3 0
github.com/GDXbsv/traktor/cmd/main.go:85.43,89.57 2 0
github.com/GDXbsv/traktor/cmd/main.go:89.57,91.3 1 0
github.com/GDXbsv/traktor/cmd/main.go:94.2,105.46 2 0
github.com/GDXbsv/traktor/cmd/main.go:105.46,106.35 1 0
github.com/GDXbsv/traktor/cmd/main.go:106.35,109.18 3 0
github.com/GDXbsv/traktor/cmd/main.go:109.18,111.5 1 0
github.com/GDXbsv/traktor/cmd/main.go:112.4,112.48 1 0
github.com/GDXbsv/traktor/cmd/main.go:116.2,116.54 1 0
github.com/GDXbsv/traktor/cmd/main.go:120.38,122.18 2 0
github.com/GDXbsv/traktor/cmd/main.go:122.18,124.3 1 0
github.com/GDXbsv/traktor/cmd/main.go:125.2,126.46 2 0
github.com/GDXbsv/traktor/cmd/main.go:126.46,129.3 2 0
github.com/GDXbsv/traktor/cmd/main.go:130.2,130.75 1 0
github.com/GDXbsv/traktor/cmd/main.go:134.13,177.38 25 0
github.com/GDXbsv/traktor/cmd/main.go:177.38,180.3 2 0
github.com/GDXbsv/traktor/cmd/main.go:182.2,182.18 1 0
github.com/GDXbsv/traktor/cmd/main.go:182.18,184.3 1 0
github.com/GDXbsv/traktor/cmd/main.go:187.2,192.30 3 0
github.com/GDXbsv/traktor/cmd/main.go:192.30,201.17 4 0
github.com/GDXbsv/traktor/cmd/main.go:201.17,204.4 2 0
github.com/GDXbsv/traktor/cmd/main.go:206.3,206.68 1 0
github.com/GDXbsv/traktor/cmd/main.go:206.68,208.4 1 0
github.com/GDXbsv/traktor/cmd/main.go:211.2,225.19 3 0
github.com/GDXbsv/traktor/cmd/main.go:225.19,231.3 1 0
github.com/GDXbsv/traktor/cmd/main.go:241.2,241.30 1 0
github.com/GDXbsv/traktor/cmd/main.go:241.30,250.17 4 0
github.com/GDXbsv/traktor/cmd/main.go:250.17,253.4 2 0
github.com/GDXbsv/traktor/cmd/main.go:255.3,255.96 1 0
github.com/GDXbsv/traktor/cmd/main.go:255.96,257.4 1 0
github.com/GDXbsv/traktor/cmd/main.go:260.2,279.16 2 0
github.com/GDXbsv/traktor/cmd/main.go:279.16,282.3 2 0
github.com/GDXbsv/traktor/cmd/main.go:284.2,288.39 1 0
github.com/GDXbsv/traktor/cmd/main.go:288.39,291.3 2 0
github.com/GDXbsv/traktor/cmd/main.go:294.2,294.31 1 0
github.com/GDXbsv/traktor/cmd/main.go:294.31,296.53 2 0
github.com/GDXbsv/traktor/cmd/main.go:296.53,299.4 2 0
github.com/GDXbsv/traktor/cmd/main.go:302.2,302.31 1 0
github.com/GDXbsv/traktor/cmd/main.go:302.31,304.53 2 0
github.com/GDXbsv/traktor/cmd/main.go:304.53,307.4 2 0
github.com/GDXbsv/traktor/cmd/main.go:310.2,310.69 1 0
github.com/GDXbsv/traktor/cmd/main.go:310.69,313.3 2 0
github.com/GDXbsv/traktor/cmd/main.go:314.2,314.67 1 0
github.com/GDXbsv/traktor/cmd/main.go:314.67,317.3 2 0
github.com/GDXbsv/traktor/cmd/main.go:319.2,320.61 2 0
github.com/GDXbsv/traktor/cmd/main.go:320.61,323.3 2 0
github.com/GDXbsv/traktor/test/utils/utils.go:39.27,41.2 1 0
github.com/GDXbsv/traktor/test/utils/utils.go:44.41,48.42 3 0
github.com/GDXbsv/traktor/test/utils/utils.go:48.42,50.3 1 0
github.com/GDXbsv/traktor/test/utils/utils.go:52.2,56.16 5 0
github.com/GDXbsv/traktor/test/utils/utils.go:56.16,58.3 1 0
github.com/GDXbsv/traktor/test/utils/utils.go:60.2,60.28 1 0
github.com/GDXbsv/traktor/test/utils/utils.go:64.40,69.2 4 0
github.com/GDXbsv/traktor/test/utils/utils.go:72.36,75.36 3 0
github.com/GDXbsv/traktor/test/utils/utils.go:75.36,77.3 1 0
github.com/GDXbsv/traktor/test/utils/utils.go:82.39,92.16 4 0
github.com/GDXbsv/traktor/test/utils/utils.go:92.16,94.3 1 0
github.com/GDXbsv/traktor/test/utils/utils.go:95.2,96.37 2 0
github.com/GDXbsv/traktor/test/utils/utils.go:96.37,97.32 1 0
github.com/GDXbsv/traktor/test/utils/utils.go:97.32,98.35 1 0
github.com/GDXbsv/traktor/test/utils/utils.go:98.35,100.5 1 0
github.com/GDXbsv/traktor/test/utils/utils.go:104.2,104.14 1 0
github.com/GDXbsv/traktor/test/utils/utils.go:108.29,111.36 3 0
github.com/GDXbsv/traktor/test/utils/utils.go:111.36,113.3 1 0
github.com/GDXbsv/traktor/test/utils/utils.go:117.33,120.36 3 0
github.com/GDXbsv/traktor/test/utils/utils.go:120.36,122.3 1 0
github.com/GDXbsv/traktor/test/utils/utils.go:125.2,132.12 3 0
github.com/GDXbsv/traktor/test/utils/utils.go:137.40,151.16 4 0
github.com/GDXbsv/traktor/test/utils/utils.go:151.16,153.3 1 0
github.com/GDXbsv/traktor/test/utils/utils.go:156.2,157.38 2 0
github.com/GDXbsv/traktor/test/utils/utils.go:157.38,158.32 1 0
github.com/GDXbsv/traktor/test/utils/utils.go:158.32,159.35 1 0
github.com/GDXbsv/traktor/test/utils/utils.go:159.35,161.5 1 0
github.com/GDXbsv/traktor/test/utils/utils.go:165.2,165.14 1 0
github.com/GDXbsv/traktor/test/utils/utils.go:169.56,171.47 2 0
github.com/GDXbsv/traktor/test/utils/utils.go:171.47,173.3 1 0
github.com/GDXbsv/traktor/test/utils/utils.go:174.2,177.12 4 0
github.com/GDXbsv/traktor/test/utils/utils.go:182.47,185.35 3 0
github.com/GDXbsv/traktor/test/utils/utils.go:185.35,186.20 1 0
github.com/GDXbsv/traktor/test/utils/utils.go:186.20,188.4 1 0
github.com/GDXbsv/traktor/test/utils/utils.go:191.2,191.12 1 0
github.com/GDXbsv/traktor/test/utils/utils.go:195.38,197.16 2 0
github.com/GDXbsv/traktor/test/utils/utils.go:197.16,199.3 1 0
github.com/GDXbsv/traktor/test/utils/utils.go:200.2,201.16 2 0
github.com/GDXbsv/traktor/test/utils/utils.go:206.59,210.16 2 0
github.com/GDXbsv/traktor/test/utils/utils.go:210.16,212.3 1 0
github.com/GDXbsv/traktor/test/utils/utils.go:213.2,216.13 3 0
github.com/GDXbsv/traktor/test/utils/utils.go:216.13,218.3 1 0
github.com/GDXbsv/traktor/test/utils/utils.go:220.2,222.16 3 0
github.com/GDXbsv/traktor/test/utils/utils.go:222.16,224.3 1 0
github.com/GDXbsv/traktor/test/utils/utils.go:226.2,227.21 2 0
github.com/GDXbsv/traktor/test/utils/utils.go:227.21,229.3 1 0
github.com/GDXbsv/traktor/test/utils/utils.go:230.2,230.6 1 0
github.com/GDXbsv/traktor/test/utils/utils.go:230.6,231.87 1 0
github.com/GDXbsv/traktor/test/utils/utils.go:231.87,233.4 1 0
github.com/GDXbsv/traktor/test/utils/utils.go:235.3,235.22 1 0
github.com/GDXbsv/traktor/test/utils/utils.go:235.22,236.9 1 0
github.com/GDXbsv/traktor/test/utils/utils.go:238.3,238.49 1 0
github.com/GDXbsv/traktor/test/utils/utils.go:238.49,240.4 1 0
github.com/GDXbsv/traktor/test/utils/utils.go:243.2,243.63 1 0
github.com/GDXbsv/traktor/test/utils/utils.go:243.63,245.3 1 0
github.com/GDXbsv/traktor/test/utils/utils.go:249.2,249.65 1 0
github.com/GDXbsv/traktor/test/utils/utils.go:249.65,251.3 1 0
github.com/GDXbsv/traktor/test/utils/utils.go:253.2,253.12 1 0
github.com/GDXbsv/traktor/internal/controller/secretsrefresh_controller.go:41.106,52.29 4 1
github.com/GDXbsv/traktor/internal/controller/secretsrefresh_controller.go:52.29,54.3 1 1
github.com/GDXbsv/traktor/internal/controller/secretsrefresh_controller.go:56.2,56.42 1 1
github.com/GDXbsv/traktor/internal/controller/secretsrefresh_controller.go:56.42,59.3 2 0
github.com/GDXbsv/traktor/internal/controller/secretsrefresh_controller.go:61.2,65.89 3 1
github.com/GDXbsv/traktor/internal/controller/secretsrefresh_controller.go:65.89,68.3 2 0
github.com/GDXbsv/traktor/internal/controller/secretsrefresh_controller.go:71.2,72.38 2 1
github.com/GDXbsv/traktor/internal/controller/secretsrefresh_controller.go:72.38,75.50 2 1
github.com/GDXbsv/traktor/internal/controller/secretsrefresh_controller.go:75.50,77.4 1 1
github.com/GDXbsv/traktor/internal/controller/secretsrefresh_controller.go:79.3,81.51 2 1
github.com/GDXbsv/traktor/internal/controller/secretsrefresh_controller.go:81.51,85.12 2 0
github.com/GDXbsv/traktor/internal/controller/secretsrefresh_controller.go:88.3,91.19 2 1
github.com/GDXbsv/traktor/internal/controller/secretsrefresh_controller.go:94.2,99.27 2 1
github.com/GDXbsv/traktor/internal/controller/secretsrefresh_controller.go:103.143,107.38 2 1
github.com/GDXbsv/traktor/internal/controller/secretsrefresh_controller.go:107.38,108.52 1 0
github.com/GDXbsv/traktor/internal/controller/secretsrefresh_controller.go:108.52,110.4 1 0
github.com/GDXbsv/traktor/internal/controller/secretsrefresh_controller.go:111.3,111.34 1 0
github.com/GDXbsv/traktor/internal/controller/secretsrefresh_controller.go:115.2,116.16 2 1
github.com/GDXbsv/traktor/internal/controller/secretsrefresh_controller.go:116.16,118.3 1 0
github.com/GDXbsv/traktor/internal/controller/secretsrefresh_controller.go:121.2,121.51 1 1
github.com/GDXbsv/traktor/internal/controller/secretsrefresh_controller.go:121.51,123.3 1 0
github.com/GDXbsv/traktor/internal/controller/secretsrefresh_controller.go:126.2,127.41 2 1
github.com/GDXbsv/traktor/internal/controller/secretsrefresh_controller.go:127.41,128.46 1 1
github.com/GDXbsv/traktor/internal/controller/secretsrefresh_controller.go:128.46,130.4 1 1
github.com/GDXbsv/traktor/internal/controller/secretsrefresh_controller.go:133.2,133.32 1 1
github.com/GDXbsv/traktor/internal/controller/secretsrefresh_controller.go:137.77,147.2 1 0
github.com/GDXbsv/traktor/internal/controller/secretsrefresh_controller.go:150.122,155.44 3 0
github.com/GDXbsv/traktor/internal/controller/secretsrefresh_controller.go:155.44,158.3 2 0
github.com/GDXbsv/traktor/internal/controller/secretsrefresh_controller.go:160.2,161.34 2 0
github.com/GDXbsv/traktor/internal/controller/secretsrefresh_controller.go:161.34,164.17 2 0
github.com/GDXbsv/traktor/internal/controller/secretsrefresh_controller.go:164.17,166.12 2 0
github.com/GDXbsv/traktor/internal/controller/secretsrefresh_controller.go:170.3,171.33 2 0
github.com/GDXbsv/traktor/internal/controller/secretsrefresh_controller.go:171.33,172.40 1 0
github.com/GDXbsv/traktor/internal/controller/secretsrefresh_controller.go:172.40,174.10 2 0
github.com/GDXbsv/traktor/internal/controller/secretsrefresh_controller.go:178.3,178.24 1 0
github.com/GDXbsv/traktor/internal/controller/secretsrefresh_controller.go:178.24,179.12 1 0
github.com/GDXbsv/traktor/internal/controller/secretsrefresh_controller.go:183.3,183.36 1 0
github.com/GDXbsv/traktor/internal/controller/secretsrefresh_controller.go:183.36,185.18 2 0
github.com/GDXbsv/traktor/internal/controller/secretsrefresh_controller.go:185.18,187.13 2 0
github.com/GDXbsv/traktor/internal/controller/secretsrefresh_controller.go:189.4,189.57 1 0
github.com/GDXbsv/traktor/internal/controller/secretsrefresh_controller.go:189.57,190.13 1 0
github.com/GDXbsv/traktor/internal/controller/secretsrefresh_controller.go:196.3,201.5 1 0
github.com/GDXbsv/traktor/internal/controller/secretsrefresh_controller.go:204.2,204.17 1 0
